This file contains any messages produced by compilers while
running configure, to aid debugging if configure makes a mistake.

configure:572: checking for a BSD compatible install
configure:625: checking whether build environment is sane
configure:682: checking whether make sets ${MAKE}
configure:728: checking for working aclocal
configure:741: checking for working autoconf
configure:754: checking for working automake
configure:767: checking for working autoheader
configure:780: checking for working makeinfo
configure:807: checking for gcc
configure:920: checking whether the C compiler (gcc  ) works
configure:936: gcc -o conftest    conftest.c  1>&5
configure:962: checking whether the C compiler (gcc  ) is a cross-compiler
configure:967: checking whether we are using GNU C
configure:995: checking whether gcc accepts -g
configure:1102: checking host system type
configure:1123: checking build system type
configure:1143: checking for ranlib
configure:1182: checking for ld used by GCC
configure:1245: checking if the linker (/usr/bin/ld) is GNU ld
configure:1261: checking for BSD-compatible nm
configure:1298: checking whether ln -s works
ltconfig:603: checking for object suffix
ltconfig:604: gcc -c -g -O2  conftest.c 1>&5
ltconfig:776: checking if gcc PIC flag -fPIC works
ltconfig:777: gcc -c -g -O2 -fPIC -DPIC  conftest.c 1>&5
ltconfig:829: checking if gcc supports -c -o file.o
ltconfig:830: gcc -c -g -O2 -o out/conftest2.o  conftest.c 1>&5
ltconfig:862: checking if gcc supports -c -o file.lo
ltconfig:863: gcc -c -g -O2 -c -o conftest.lo  conftest.c 1>&5
ltconfig:914: checking if gcc supports -fno-rtti -fno-exceptions
ltconfig:915: gcc -c -g -O2 -fno-rtti -fno-exceptions -c conftest.c  conftest.c 1>&5
ltconfig:958: checking if gcc static flag -static works
ltconfig:959: gcc -o conftest -g -O2   -static conftest.c  1>&5
GNU ld version 2.9.5 (with BFD 2.9.5.0.37)
ltconfig:1592: checking if global_symbol_pipe works
ltconfig:1593: gcc -c -g -O2  conftest.c 1>&5
ltconfig:1596: eval "/usr/bin/nm -B conftest.o | sed -n -e 's/^.*[ 	]\([ABCDGISTW]\)[ 	][ 	]*\(\)\([_A-Za-z][_A-Za-z0-9]*\)$/\1 \2\3 \3/p' > conftest.nm"
ltconfig:1648: gcc -o conftest -g -O2 -fno-builtin -fno-rtti -fno-exceptions   conftest.c conftstm.o 1>&5
configure:1504: checking for a BSD compatible install
configure:1558: checking for initscr in -lncurses
configure:1658: checking for glib-config
configure:1693: checking for GLIB - version >= 0.99.7
configure:1792: gcc -o conftest -g -O2 -I/usr/lib/glib/include   conftest.c -L/usr/lib -lglib -lncurses  1>&5
configure:1876: checking how to run the C preprocessor
configure:1959: checking for curses.h
configure:1998: checking return type of signal handlers
